
   FAIL  Tests\Feature\InutilizationTest
  â¨¯ can access inutilization page                                       16.70s  
  â¨¯ inutilization request success                                        0.37s  
  â¨¯ validation rules                                                     0.91s  
  â”€â”€â”€â”€â”€â”€â”€â”€â”€â”€â”€â”€â”€â”€â”€â”€â”€â”€â”€â”€â”€â”€â”€â”€â”€â”€â”€â”€â”€â”€â”€â”€â”€â”€â”€â”€â”€â”€â”€â”€â”€â”€â”€â”€â”€â”€â”€â”€â”€â”€â”€â”€â”€â”€â”€â”€â”€â”€â”€â”€â”€â”€â”€â”€â”€â”€â”€â”€â”€â”€â”€â”€â”€â”€â”€â”€  
   FAILED  Tests\Feature\InutilizationTest > can access inutilizationâ€¦  Error   
  Call to undefined method App\Http\Controllers\NFeController::show()

  at vendor/laravel/framework/src/Illuminate/Routing/ControllerDispatcher.php:46
     42â–•         if (method_exists($controller, 'callAction')) {
     43â–•             return $controller->callAction($method, $parameters);
     44â–•         }
     45â–• 
  âžœ  46â–•         return $controller->{$method}(...array_values($parameters));
     47â–•     }
     48â–• 
     49â–•     /**
     50â–•      * Resolve the parameters for the controller.

      [2m+46 vendor frames [22m
  47  tests/Feature/InutilizationTest.php:21

  â”€â”€â”€â”€â”€â”€â”€â”€â”€â”€â”€â”€â”€â”€â”€â”€â”€â”€â”€â”€â”€â”€â”€â”€â”€â”€â”€â”€â”€â”€â”€â”€â”€â”€â”€â”€â”€â”€â”€â”€â”€â”€â”€â”€â”€â”€â”€â”€â”€â”€â”€â”€â”€â”€â”€â”€â”€â”€â”€â”€â”€â”€â”€â”€â”€â”€â”€â”€â”€â”€â”€â”€â”€â”€â”€â”€  
   FAILED  Tests\Feature\InutilizationTest > inutilization râ€¦  QueryException   
  SQLSTATE[42S22]: Column not found: 1054 Unknown column 'user_id' in 'field list' (Connection: mysql, SQL: insert into `companies` (`address_id`, `razao_social`, `nome_fantasia`, `cnpj`, `ie`, `regime_tributario`, `user_id`, `updated_at`, `created_at`) values (1, Rempel, Bernier and Skiles, LLC, 68206653914747, 754771860, 1, 2, 2025-12-14 04:56:25, 2025-12-14 04:56:25))

  at vendor/laravel/framework/src/Illuminate/Database/Connection.php:826
    822â–•                     $this->getName(), $query, $this->prepareBindings($bindings), $e
    823â–•                 );
    824â–•             }
    825â–• 
  âžœ 826â–•             throw new QueryException(
    827â–•                 $this->getName(), $query, $this->prepareBindings($bindings), $e
    828â–•             );
    829â–•         }
    830â–•     }

      [2m+17 vendor frames [22m
  18  tests/Feature/InutilizationTest.php:28

  â”€â”€â”€â”€â”€â”€â”€â”€â”€â”€â”€â”€â”€â”€â”€â”€â”€â”€â”€â”€â”€â”€â”€â”€â”€â”€â”€â”€â”€â”€â”€â”€â”€â”€â”€â”€â”€â”€â”€â”€â”€â”€â”€â”€â”€â”€â”€â”€â”€â”€â”€â”€â”€â”€â”€â”€â”€â”€â”€â”€â”€â”€â”€â”€â”€â”€â”€â”€â”€â”€â”€â”€â”€â”€â”€â”€  
   FAILED  Tests\Feature\InutilizationTest > validation rules                   
  Session is missing expected key [errors].
Failed asserting that false is true.

  at tests/Feature/InutilizationTest.php:64
     60â–•             'numero_final' => 99, // Invalid range
     61â–•             'justificativa' => 'Curto' // Too short
     62â–•         ]);
     63â–• 
  âžœ  64â–•         $response->assertSessionHasErrors(['numero_final', 'justificativa']);
     65â–•     }
     66â–• }
     67â–•


  Tests:    3 failed (1 assertions)
  Duration: 21.78s

